#
# There is insufficient memory for the Java Runtime Environment to continue.
# Native memory allocation (mmap) failed to map 264241152 bytes for G1 virtual space
# Possible reasons:
#   The system is out of physical RAM or swap space
#   The process is running with CompressedOops enabled, and the Java Heap may be blocking the growth of the native heap
# Possible solutions:
#   Reduce memory load on the system
#   Increase physical memory or swap space
#   Check if swap backing store is full
#   Decrease Java heap size (-Xmx/-Xms)
#   Decrease number of Java threads
#   Decrease Java thread stack sizes (-Xss)
#   Set larger code cache with -XX:ReservedCodeCacheSize=
#   JVM is running with Zero Based Compressed Oops mode in which the Java heap is
#     placed in the first 32GB address space. The Java Heap base address is the
#     maximum limit for the native heap growth. Please use -XX:HeapBaseMinAddress
#     to set the Java Heap base and to place the Java Heap above 32GB virtual address.
# This output file may be truncated or incomplete.
#
#  Out of Memory Error (os_windows.cpp:3600), pid=30404, tid=36284
#
# JRE version:  (21.0.1+12) (build )
# Java VM: Java HotSpot(TM) 64-Bit Server VM (21.0.1+12-LTS-29, mixed mode, sharing, tiered, compressed oops, compressed class ptrs, g1 gc, windows-amd64)
# No core dump will be written. Minidumps are not enabled by default on client versions of Windows
#

---------------  S U M M A R Y ------------

Command Line: --add-modules=ALL-DEFAULT jdk.compiler/com.sun.tools.javac.launcher.Main src/lecturaPB2.java

Host: 13th Gen Intel(R) Core(TM) i5-13420H, 12 cores, 15G,  Windows 11 , 64 bit Build 22621 (10.0.22621.3958)
Time: Thu Oct  3 13:28:38 2024 Hora de verano romance elapsed time: 0.250129 seconds (0d 0h 0m 0s)

---------------  T H R E A D  ---------------

Current thread (0x00000219ff00c250):  JavaThread "Unknown thread" [_thread_in_vm, id=36284, stack(0x000000482b900000,0x000000482ba00000) (1024K)]

Stack: [0x000000482b900000,0x000000482ba00000]
Native frames: (J=compiled Java code, j=interpreted, Vv=VM code, C=native code)
V  [jvm.dll+0x6c9029]
V  [jvm.dll+0x854b81]
V  [jvm.dll+0x856e5e]
V  [jvm.dll+0x857543]
V  [jvm.dll+0x280c06]
V  [jvm.dll+0x6c5715]
V  [jvm.dll+0x6ba10a]
V  [jvm.dll+0x3557ea]
V  [jvm.dll+0x35d436]
V  [jvm.dll+0x3ae1be]
V  [jvm.dll+0x3ae468]
V  [jvm.dll+0x3291fc]
V  [jvm.dll+0x329d8b]
V  [jvm.dll+0x81d179]
V  [jvm.dll+0x3bb4f1]
V  [jvm.dll+0x805ae8]
V  [jvm.dll+0x44effe]
V  [jvm.dll+0x450901]
C  [jli.dll+0x52a3]
C  [ucrtbase.dll+0x29333]
C  [KERNEL32.DLL+0x1257d]
C  [ntdll.dll+0x5af28]


---------------  P R O C E S S  ---------------

Threads class SMR info:
_java_thread_list=0x00007ffd9fa29b88, length=0, elements={
}

Java Threads: ( => current thread )
Total: 0

Other Threads:
  0x00000219fff7e570 WorkerThread "GC Thread#0"                     [id=36280, stack(0x000000482ba00000,0x000000482bb00000) (1024K)]
  0x00000219fff8f160 ConcurrentGCThread "G1 Main Marker"            [id=29952, stack(0x000000482bb00000,0x000000482bc00000) (1024K)]
  0x00000219fff90b20 WorkerThread "G1 Conc#0"                       [id=29948, stack(0x000000482bc00000,0x000000482bd00000) (1024K)]

[error occurred during error reporting (printing all threads), id 0xc0000005, EXCEPTION_ACCESS_VIOLATION (0xc0000005) at pc=0x00007ffd9f19c2c7]
VM state: not at safepoint (not fully initialized)

VM Mutex/Monitor currently owned by a thread:  ([mutex/lock_event])
[0x00007ffd9fa9a6f8] Heap_lock - owner thread: 0x00000219ff00c250

Heap address: 0x0000000704a00000, size: 4022 MB, Compressed Oops mode: Zero based, Oop shift amount: 3

CDS archive(s) mapped at: [0x0000000000000000-0x0000000000000000-0x0000000000000000), size 0, SharedBaseAddress: 0x0000000800000000, ArchiveRelocationMode: 1.
Narrow klass base: 0x0000000000000000, Narrow klass shift: 0, Narrow klass range: 0x0

GC Precious Log:
 CardTable entry size: 512
 Card Set container configuration: InlinePtr #cards 4 size 8 Array Of Cards #cards 16 size 48 Howl #buckets 8 coarsen threshold 3686 Howl Bitmap #cards 512 size 80 coarsen threshold 460 Card regions per heap region 1 cards per card region 4096

Heap:
 garbage-first heap   total 0K, used 0K [0x0000000704a00000, 0x0000000800000000)
  region size 2048K, 0 young (0K), 0 survivors (0K)

[error occurred during error reporting (printing heap information), id 0xc0000005, EXCEPTION_ACCESS_VIOLATION (0xc0000005) at pc=0x00007ffd9f581be9]
GC Heap History (0 events):
No events

Dll operation events (1 events):
Event: 0.006 Loaded shared library C:\Program Files\Java\jdk-21\bin\java.dll

Deoptimization events (0 events):
No events

Classes loaded (0 events):
No events

Classes unloaded (0 events):
No events

Classes redefined (0 events):
No events

Internal exceptions (0 events):
No events

ZGC Phase Switch (0 events):
No events

VM Operations (0 events):
No events

Events (0 events):
No events


Dynamic libraries:
0x00007ff759e90000 - 0x00007ff759ea0000 	C:\Program Files\Java\jdk-21\bin\Java.exe
0x00007ffe7bad0000 - 0x00007ffe7bce7000 	C:\Windows\SYSTEM32\ntdll.dll
0x00007ffe7ae10000 - 0x00007ffe7aed4000 	C:\Windows\System32\KERNEL32.DLL
0x00007ffe79140000 - 0x00007ffe794ed000 	C:\Windows\System32\KERNELBASE.dll
0x00007ffe78df0000 - 0x00007ffe78f01000 	C:\Windows\System32\ucrtbase.dll
0x00007ffe6f680000 - 0x00007ffe6f699000 	C:\Program Files\Java\jdk-21\bin\jli.dll
0x00007ffe63b30000 - 0x00007ffe63b4b000 	C:\Program Files\Java\jdk-21\bin\VCRUNTIME140.dll
0x00007ffe7b930000 - 0x00007ffe7b9e2000 	C:\Windows\System32\ADVAPI32.dll
0x00007ffe7b790000 - 0x00007ffe7b837000 	C:\Windows\System32\msvcrt.dll
0x00007ffe7b260000 - 0x00007ffe7b309000 	C:\Windows\System32\sechost.dll
0x00007ffe78f10000 - 0x00007ffe78f38000 	C:\Windows\System32\bcrypt.dll
0x00007ffe79d70000 - 0x00007ffe79e84000 	C:\Windows\System32\RPCRT4.dll
0x00007ffe7af50000 - 0x00007ffe7b0fe000 	C:\Windows\System32\USER32.dll
0x00007ffe5fdb0000 - 0x00007ffe60043000 	C:\Windows\WinSxS\amd64_microsoft.windows.common-controls_6595b64144ccf1df_6.0.22621.3672_none_2713b9d173822955\COMCTL32.dll
0x00007ffe79070000 - 0x00007ffe79096000 	C:\Windows\System32\win32u.dll
0x00007ffe7b9f0000 - 0x00007ffe7ba19000 	C:\Windows\System32\GDI32.dll
0x00007ffe794f0000 - 0x00007ffe79609000 	C:\Windows\System32\gdi32full.dll
0x00007ffe790a0000 - 0x00007ffe7913a000 	C:\Windows\System32\msvcp_win.dll
0x00007ffe6da00000 - 0x00007ffe6da0a000 	C:\Windows\SYSTEM32\VERSION.dll
0x00007ffe7b840000 - 0x00007ffe7b871000 	C:\Windows\System32\IMM32.DLL
0x00007ffe70320000 - 0x00007ffe7032c000 	C:\Program Files\Java\jdk-21\bin\vcruntime140_1.dll
0x00007ffe15a20000 - 0x00007ffe15aae000 	C:\Program Files\Java\jdk-21\bin\msvcp140.dll
0x00007ffd9ee60000 - 0x00007ffd9fb75000 	C:\Program Files\Java\jdk-21\bin\server\jvm.dll
0x00007ffe7b100000 - 0x00007ffe7b171000 	C:\Windows\System32\WS2_32.dll
0x00007ffe77c60000 - 0x00007ffe77cad000 	C:\Windows\SYSTEM32\POWRPROF.dll
0x00007ffe700d0000 - 0x00007ffe70104000 	C:\Windows\SYSTEM32\WINMM.dll
0x00007ffe77c40000 - 0x00007ffe77c53000 	C:\Windows\SYSTEM32\UMPDC.dll
0x00007ffe77ef0000 - 0x00007ffe77f08000 	C:\Windows\SYSTEM32\kernel.appcore.dll
0x00007ffe6e6a0000 - 0x00007ffe6e6aa000 	C:\Program Files\Java\jdk-21\bin\jimage.dll
0x00007ffe766e0000 - 0x00007ffe76912000 	C:\Windows\SYSTEM32\DBGHELP.DLL
0x00007ffe79880000 - 0x00007ffe79c0e000 	C:\Windows\System32\combase.dll
0x00007ffe7b180000 - 0x00007ffe7b257000 	C:\Windows\System32\OLEAUT32.dll
0x00007ffe43140000 - 0x00007ffe43172000 	C:\Windows\SYSTEM32\dbgcore.DLL
0x00007ffe79610000 - 0x00007ffe7968b000 	C:\Windows\System32\bcryptPrimitives.dll
0x00007ffe63550000 - 0x00007ffe6356f000 	C:\Program Files\Java\jdk-21\bin\java.dll

dbghelp: loaded successfully - version: 4.0.5 - missing functions: none
symbol engine: initialized successfully - sym options: 0x614 - pdb path: .;C:\Program Files\Java\jdk-21\bin;C:\Windows\SYSTEM32;C:\Windows\WinSxS\amd64_microsoft.windows.common-controls_6595b64144ccf1df_6.0.22621.3672_none_2713b9d173822955;C:\Program Files\Java\jdk-21\bin\server

VM Arguments:
jvm_args: --add-modules=ALL-DEFAULT 
java_command: jdk.compiler/com.sun.tools.javac.launcher.Main src/lecturaPB2.java
java_class_path (initial): .
Launcher Type: SUN_STANDARD

[Global flags]
     intx CICompilerCount                          = 4                                         {product} {ergonomic}
     uint ConcGCThreads                            = 3                                         {product} {ergonomic}
     uint G1ConcRefinementThreads                  = 10                                        {product} {ergonomic}
   size_t G1HeapRegionSize                         = 2097152                                   {product} {ergonomic}
    uintx GCDrainStackTargetSize                   = 64                                        {product} {ergonomic}
   size_t InitialHeapSize                          = 264241152                                 {product} {ergonomic}
   size_t MarkStackSize                            = 4194304                                   {product} {ergonomic}
   size_t MaxHeapSize                              = 4217372672                                {product} {ergonomic}
   size_t MinHeapDeltaBytes                        = 2097152                                   {product} {ergonomic}
   size_t MinHeapSize                              = 8388608                                   {product} {ergonomic}
    uintx NonNMethodCodeHeapSize                   = 5839372                                {pd product} {ergonomic}
    uintx NonProfiledCodeHeapSize                  = 122909434                              {pd product} {ergonomic}
    uintx ProfiledCodeHeapSize                     = 122909434                              {pd product} {ergonomic}
    uintx ReservedCodeCacheSize                    = 251658240                              {pd product} {ergonomic}
     bool SegmentedCodeCache                       = true                                      {product} {ergonomic}
   size_t SoftMaxHeapSize                          = 4217372672                             {manageable} {ergonomic}
     bool UseCompressedOops                        = true                           {product lp64_product} {ergonomic}
     bool UseG1GC                                  = true                                      {product} {ergonomic}
     bool UseLargePagesIndividualAllocation        = false                                  {pd product} {ergonomic}

Logging:
Log output configuration:
 #0: stdout all=warning uptime,level,tags foldmultilines=false
 #1: stderr all=off uptime,level,tags foldmultilines=false

Environment Variables:
PATH=C:\Program Files\Common Files\Oracle\Java\javapath;C:\Program Files (x86)\Common Files\Oracle\Java\java8path;C:\Program Files (x86)\Common Files\Oracle\Java\javapath;C:\Windows\system32;C:\Windows;C:\Windows\System32\Wbem;C:\Windows\System32\WindowsPowerShell\v1.0\;C:\Windows\System32\OpenSSH\;C:\Program Files\NVIDIA Corporation\NVIDIA NvDLISR;C:\Program Files\Git\cmd;C:\Program Files (x86)\NVIDIA Corporation\PhysX\Common;C:\Program Files\dotnet\;C:\Program Files\Docker\Docker\resources\bin;C:\Users\nerwi\AppData\Local\Microsoft\WindowsApps;C:\Users\nerwi\AppData\Local\Programs\Microsoft VS Code\bin;C:\Program Files\LOVE;C:\Program Files (x86)\lua;
USERNAME=nerwi
OS=Windows_NT
PROCESSOR_IDENTIFIER=Intel64 Family 6 Model 186 Stepping 2, GenuineIntel
TMP=C:\Users\nerwi\AppData\Local\Temp
TEMP=C:\Users\nerwi\AppData\Local\Temp




Periodic native trim disabled

---------------  S Y S T E M  ---------------

OS:
 Windows 11 , 64 bit Build 22621 (10.0.22621.3958)
OS uptime: 0 days 1:02 hours
Hyper-V role detected

CPU: total 12 (initial active 12) (6 cores per cpu, 2 threads per core) family 6 model 186 stepping 2 microcode 0x4112, cx8, cmov, fxsr, ht, mmx, 3dnowpref, sse, sse2, sse3, ssse3, sse4.1, sse4.2, popcnt, lzcnt, tsc, tscinvbit, avx, avx2, aes, erms, clmul, bmi1, bmi2, adx, sha, fma, vzeroupper, clflush, clflushopt, clwb, hv, serialize, rdtscp, rdpid, fsrm, f16c, cet_ibt, cet_ss
Processor Information for processor 0
  Max Mhz: 2100, Current Mhz: 2100, Mhz Limit: 2100
Processor Information for processor 1
  Max Mhz: 2100, Current Mhz: 2100, Mhz Limit: 2100
Processor Information for processor 2
  Max Mhz: 2100, Current Mhz: 2100, Mhz Limit: 2100
Processor Information for processor 3
  Max Mhz: 2100, Current Mhz: 2100, Mhz Limit: 2100
Processor Information for processor 4
  Max Mhz: 2100, Current Mhz: 2100, Mhz Limit: 2100
Processor Information for processor 5
  Max Mhz: 2100, Current Mhz: 2100, Mhz Limit: 2100
Processor Information for processor 6
  Max Mhz: 2100, Current Mhz: 2100, Mhz Limit: 2100
Processor Information for processor 7
  Max Mhz: 2100, Current Mhz: 2100, Mhz Limit: 2100
Processor Information for processor 8
  Max Mhz: 2100, Current Mhz: 1500, Mhz Limit: 1491
Processor Information for processor 9
  Max Mhz: 2100, Current Mhz: 1500, Mhz Limit: 1491
Processor Information for processor 10
  Max Mhz: 2100, Current Mhz: 1500, Mhz Limit: 1491
Processor Information for processor 11
  Max Mhz: 2100, Current Mhz: 1500, Mhz Limit: 1491

Memory: 4k page, system-wide physical 16087M (410M free)
TotalPageFile size 65239M (AvailPageFile size 25M)
current process WorkingSet (physical memory assigned to process): 11M, peak: 11M
current process commit charge ("private bytes"): 64M, peak: 316M

vm_info: Java HotSpot(TM) 64-Bit Server VM (21.0.1+12-LTS-29) for windows-amd64 JRE (21.0.1+12-LTS-29), built on 2023-10-05T13:27:09Z by "mach5one" with MS VC++ 17.1 (VS2022)

END.
